c:\users\well1\onedrive\рабочий стол\для семенова в.е\fft_mkl_sample\mkl_fft_sample_from_documentation\mkl_fft_sample_from_documentation\x64\debug\hankel-transform.pch
c:\users\well1\onedrive\рабочий стол\для семенова в.е\fft_mkl_sample\mkl_fft_sample_from_documentation\mkl_fft_sample_from_documentation\x64\debug\vc143.pdb
c:\users\well1\onedrive\рабочий стол\для семенова в.е\fft_mkl_sample\mkl_fft_sample_from_documentation\mkl_fft_sample_from_documentation\x64\debug\vc143.idb
c:\users\well1\onedrive\рабочий стол\для семенова в.е\fft_mkl_sample\mkl_fft_sample_from_documentation\mkl_fft_sample_from_documentation\x64\debug\stdafx.obj
c:\users\well1\onedrive\рабочий стол\для семенова в.е\fft_mkl_sample\mkl_fft_sample_from_documentation\mkl_fft_sample_from_documentation\x64\debug\hankel-transform.obj
c:\users\well1\onedrive\рабочий стол\для семенова в.е\fft_mkl_sample\mkl_fft_sample_from_documentation\x64\debug\hankel-transform.exe
c:\users\well1\onedrive\рабочий стол\для семенова в.е\fft_mkl_sample\mkl_fft_sample_from_documentation\mkl_fft_sample_from_documentation\x64\debug\hankel-transform.ilk
c:\users\well1\onedrive\рабочий стол\для семенова в.е\fft_mkl_sample\mkl_fft_sample_from_documentation\x64\debug\hankel-transform.pdb
c:\users\well1\onedrive\рабочий стол\для семенова в.е\fft_mkl_sample\mkl_fft_sample_from_documentation\mkl_fft_sample_from_documentation\x64\debug\mkl_fft_sample_from_documentation.obj
c:\users\well1\onedrive\рабочий стол\для семенова в.е\fft_mkl_sample\mkl_fft_sample_from_documentation\mkl_fft_sample_from_documentation\x64\debug\mkl_fft_sample_from_documentation.obj.enc
c:\users\well1\onedrive\рабочий стол\для семенова в.е\fft_mkl_sample\mkl_fft_sample_from_documentation\mkl_fft_sample_from_documentation\x64\debug\mkl_fft_sample_from_documentation.ilk
c:\users\well1\onedrive\рабочий стол\для семенова в.е\fft_mkl_sample\mkl_fft_sample_from_documentation\mkl_fft_sample_from_documentation\x64\debug\mkl_fft_sample_from_documentation.pch
c:\users\well1\onedrive\рабочий стол\для семенова в.е\fft_mkl_sample\mkl_fft_sample_from_documentation\mkl_fft_sample_from_documentation\x64\debug\vc141.idb
c:\users\well1\onedrive\рабочий стол\для семенова в.е\fft_mkl_sample\mkl_fft_sample_from_documentation\mkl_fft_sample_from_documentation\x64\debug\vc141.pdb
c:\users\well1\onedrive\рабочий стол\для семенова в.е\fft_mkl_sample\mkl_fft_sample_from_documentation\mkl_fft_sample_from_documentation\x64\debug\hankel-transform.tlog\cl.command.1.tlog
c:\users\well1\onedrive\рабочий стол\для семенова в.е\fft_mkl_sample\mkl_fft_sample_from_documentation\mkl_fft_sample_from_documentation\x64\debug\hankel-transform.tlog\cl.read.1.tlog
c:\users\well1\onedrive\рабочий стол\для семенова в.е\fft_mkl_sample\mkl_fft_sample_from_documentation\mkl_fft_sample_from_documentation\x64\debug\hankel-transform.tlog\cl.write.1.tlog
c:\users\well1\onedrive\рабочий стол\для семенова в.е\fft_mkl_sample\mkl_fft_sample_from_documentation\mkl_fft_sample_from_documentation\x64\debug\hankel-transform.tlog\link.command.1.tlog
c:\users\well1\onedrive\рабочий стол\для семенова в.е\fft_mkl_sample\mkl_fft_sample_from_documentation\mkl_fft_sample_from_documentation\x64\debug\hankel-transform.tlog\link.read.1.tlog
c:\users\well1\onedrive\рабочий стол\для семенова в.е\fft_mkl_sample\mkl_fft_sample_from_documentation\mkl_fft_sample_from_documentation\x64\debug\hankel-transform.tlog\link.write.1.tlog
